This is pdfTeX, Version 3.14159265-2.6-1.40.18 (MiKTeX 2.9.6350 64-bit) (preloaded format=pdflatex 2017.11.6)  4 DEC 2017 10:24
entering extended mode
**./bachelor_4.tex
(bachelor_4.tex
LaTeX2e <2017-04-15>
Babel <3.10> and hyphenation patterns for 75 language(s) loaded.
(D:\Kevin_Uni\Latex\tex\latex\base\report.cls
Document Class: report 2014/09/29 v1.4h Standard LaTeX document class
(D:\Kevin_Uni\Latex\tex\latex\base\size12.clo
File: size12.clo 2014/09/29 v1.4h Standard LaTeX file (size option)
)
\c@part=\count79
\c@chapter=\count80
\c@section=\count81
\c@subsection=\count82
\c@subsubsection=\count83
\c@paragraph=\count84
\c@subparagraph=\count85
\c@figure=\count86
\c@table=\count87
\abovecaptionskip=\skip41
\belowcaptionskip=\skip42
\bibindent=\dimen102
)
(D:\Kevin_Uni\Latex\tex\latex\pgfplots\pgfplots.sty
(D:\Kevin_Uni\Latex\tex\generic\pgfplots\pgfplots.revision.tex)
Package: pgfplots 2017/06/05 v1.15 Data Visualization (1.15)

(D:\Kevin_Uni\Latex\tex\latex\graphics\graphicx.sty
Package: graphicx 2014/10/28 v1.0g Enhanced LaTeX Graphics (DPC,SPQR)

(D:\Kevin_Uni\Latex\tex\latex\graphics\keyval.sty
Package: keyval 2014/10/28 v1.15 key=value parser (DPC)
\KV@toks@=\toks14
)
(D:\Kevin_Uni\Latex\tex\latex\graphics\graphics.sty
Package: graphics 2017/04/14 v1.1b Standard LaTeX Graphics (DPC,SPQR)

(D:\Kevin_Uni\Latex\tex\latex\graphics\trig.sty
Package: trig 2016/01/03 v1.10 sin cos tan (DPC)
)
(D:\Kevin_Uni\Latex\tex\latex\graphics-cfg\graphics.cfg
File: graphics.cfg 2016/06/04 v1.11 sample graphics configuration
)
Package graphics Info: Driver file: pdftex.def on input line 99.

(D:\Kevin_Uni\Latex\tex\latex\graphics-def\pdftex.def
File: pdftex.def 2017/01/12 v0.06k Graphics/color for pdfTeX

(D:\Kevin_Uni\Latex\tex\generic\oberdiek\infwarerr.sty
Package: infwarerr 2016/05/16 v1.4 Providing info/warning/error messages (HO)
)
(D:\Kevin_Uni\Latex\tex\generic\oberdiek\ltxcmds.sty
Package: ltxcmds 2016/05/16 v1.23 LaTeX kernel commands for general use (HO)
)
\Gread@gobject=\count88
))
\Gin@req@height=\dimen103
\Gin@req@width=\dimen104
)
(D:\Kevin_Uni\Latex\tex\latex\pgf\frontendlayer\tikz.sty
(D:\Kevin_Uni\Latex\tex\latex\pgf\basiclayer\pgf.sty
(D:\Kevin_Uni\Latex\tex\latex\pgf\utilities\pgfrcs.sty
(D:\Kevin_Uni\Latex\tex\generic\pgf\utilities\pgfutil-common.tex
\pgfutil@everybye=\toks15
\pgfutil@tempdima=\dimen105
\pgfutil@tempdimb=\dimen106

(D:\Kevin_Uni\Latex\tex\generic\pgf\utilities\pgfutil-common-lists.tex))
(D:\Kevin_Uni\Latex\tex\generic\pgf\utilities\pgfutil-latex.def
\pgfutil@abb=\box26

(D:\Kevin_Uni\Latex\tex\latex\ms\everyshi.sty
Package: everyshi 2001/05/15 v3.00 EveryShipout Package (MS)
))
(D:\Kevin_Uni\Latex\tex\generic\pgf\utilities\pgfrcs.code.tex
Package: pgfrcs 2015/08/07 v3.0.1a (rcs-revision 1.31)
))
Package: pgf 2015/08/07 v3.0.1a (rcs-revision 1.15)

(D:\Kevin_Uni\Latex\tex\latex\pgf\basiclayer\pgfcore.sty
(D:\Kevin_Uni\Latex\tex\latex\pgf\systemlayer\pgfsys.sty
(D:\Kevin_Uni\Latex\tex\generic\pgf\systemlayer\pgfsys.code.tex
Package: pgfsys 2014/07/09 v3.0.1a (rcs-revision 1.48)

(D:\Kevin_Uni\Latex\tex\generic\pgf\utilities\pgfkeys.code.tex
\pgfkeys@pathtoks=\toks16
\pgfkeys@temptoks=\toks17

(D:\Kevin_Uni\Latex\tex\generic\pgf\utilities\pgfkeysfiltered.code.tex
\pgfkeys@tmptoks=\toks18
))
\pgf@x=\dimen107
\pgf@y=\dimen108
\pgf@xa=\dimen109
\pgf@ya=\dimen110
\pgf@xb=\dimen111
\pgf@yb=\dimen112
\pgf@xc=\dimen113
\pgf@yc=\dimen114
\w@pgf@writea=\write3
\r@pgf@reada=\read1
\c@pgf@counta=\count89
\c@pgf@countb=\count90
\c@pgf@countc=\count91
\c@pgf@countd=\count92
\t@pgf@toka=\toks19
\t@pgf@tokb=\toks20
\t@pgf@tokc=\toks21

(D:\Kevin_Uni\Latex\tex\generic\pgf\systemlayer\pgf.cfg
File: pgf.cfg 2008/05/14  (rcs-revision 1.7)
)
Driver file for pgf: pgfsys-pdftex.def

(D:\Kevin_Uni\Latex\tex\generic\pgf\systemlayer\pgfsys-pdftex.def
File: pgfsys-pdftex.def 2014/10/11  (rcs-revision 1.35)

(D:\Kevin_Uni\Latex\tex\generic\pgf\systemlayer\pgfsys-common-pdf.def
File: pgfsys-common-pdf.def 2013/10/10  (rcs-revision 1.13)
)))
(D:\Kevin_Uni\Latex\tex\generic\pgf\systemlayer\pgfsyssoftpath.code.tex
File: pgfsyssoftpath.code.tex 2013/09/09  (rcs-revision 1.9)
\pgfsyssoftpath@smallbuffer@items=\count93
\pgfsyssoftpath@bigbuffer@items=\count94
)
(D:\Kevin_Uni\Latex\tex\generic\pgf\systemlayer\pgfsysprotocol.code.tex
File: pgfsysprotocol.code.tex 2006/10/16  (rcs-revision 1.4)
))
(D:\Kevin_Uni\Latex\tex\latex\xcolor\xcolor.sty
Package: xcolor 2016/05/11 v2.12 LaTeX color extensions (UK)

(D:\Kevin_Uni\Latex\tex\latex\graphics-cfg\color.cfg
File: color.cfg 2016/01/02 v1.6 sample color configuration
)
Package xcolor Info: Driver file: pdftex.def on input line 225.
Package xcolor Info: Model `cmy' substituted by `cmy0' on input line 1348.
Package xcolor Info: Model `hsb' substituted by `rgb' on input line 1352.
Package xcolor Info: Model `RGB' extended on input line 1364.
Package xcolor Info: Model `HTML' substituted by `rgb' on input line 1366.
Package xcolor Info: Model `Hsb' substituted by `hsb' on input line 1367.
Package xcolor Info: Model `tHsb' substituted by `hsb' on input line 1368.
Package xcolor Info: Model `HSB' substituted by `hsb' on input line 1369.
Package xcolor Info: Model `Gray' substituted by `gray' on input line 1370.
Package xcolor Info: Model `wave' substituted by `hsb' on input line 1371.
)
(D:\Kevin_Uni\Latex\tex\generic\pgf\basiclayer\pgfcore.code.tex
Package: pgfcore 2010/04/11 v3.0.1a (rcs-revision 1.7)

(D:\Kevin_Uni\Latex\tex\generic\pgf\math\pgfmath.code.tex
(D:\Kevin_Uni\Latex\tex\generic\pgf\math\pgfmathcalc.code.tex
(D:\Kevin_Uni\Latex\tex\generic\pgf\math\pgfmathutil.code.tex)
(D:\Kevin_Uni\Latex\tex\generic\pgf\math\pgfmathparser.code.tex
\pgfmath@dimen=\dimen115
\pgfmath@count=\count95
\pgfmath@box=\box27
\pgfmath@toks=\toks22
\pgfmath@stack@operand=\toks23
\pgfmath@stack@operation=\toks24
)
(D:\Kevin_Uni\Latex\tex\generic\pgf\math\pgfmathfunctions.code.tex
(D:\Kevin_Uni\Latex\tex\generic\pgf\math\pgfmathfunctions.basic.code.tex)
(D:\Kevin_Uni\Latex\tex\generic\pgf\math\pgfmathfunctions.trigonometric.code.te
x) (D:\Kevin_Uni\Latex\tex\generic\pgf\math\pgfmathfunctions.random.code.tex)
(D:\Kevin_Uni\Latex\tex\generic\pgf\math\pgfmathfunctions.comparison.code.tex)
(D:\Kevin_Uni\Latex\tex\generic\pgf\math\pgfmathfunctions.base.code.tex)
(D:\Kevin_Uni\Latex\tex\generic\pgf\math\pgfmathfunctions.round.code.tex)
(D:\Kevin_Uni\Latex\tex\generic\pgf\math\pgfmathfunctions.misc.code.tex)
(D:\Kevin_Uni\Latex\tex\generic\pgf\math\pgfmathfunctions.integerarithmetics.co
de.tex))) (D:\Kevin_Uni\Latex\tex\generic\pgf\math\pgfmathfloat.code.tex
\c@pgfmathroundto@lastzeros=\count96
))
(D:\Kevin_Uni\Latex\tex\generic\pgf\basiclayer\pgfcorepoints.code.tex
File: pgfcorepoints.code.tex 2013/10/07  (rcs-revision 1.27)
\pgf@picminx=\dimen116
\pgf@picmaxx=\dimen117
\pgf@picminy=\dimen118
\pgf@picmaxy=\dimen119
\pgf@pathminx=\dimen120
\pgf@pathmaxx=\dimen121
\pgf@pathminy=\dimen122
\pgf@pathmaxy=\dimen123
\pgf@xx=\dimen124
\pgf@xy=\dimen125
\pgf@yx=\dimen126
\pgf@yy=\dimen127
\pgf@zx=\dimen128
\pgf@zy=\dimen129
)
(D:\Kevin_Uni\Latex\tex\generic\pgf\basiclayer\pgfcorepathconstruct.code.tex
File: pgfcorepathconstruct.code.tex 2013/10/07  (rcs-revision 1.29)
\pgf@path@lastx=\dimen130
\pgf@path@lasty=\dimen131
)
(D:\Kevin_Uni\Latex\tex\generic\pgf\basiclayer\pgfcorepathusage.code.tex
File: pgfcorepathusage.code.tex 2014/11/02  (rcs-revision 1.24)
\pgf@shorten@end@additional=\dimen132
\pgf@shorten@start@additional=\dimen133
)
(D:\Kevin_Uni\Latex\tex\generic\pgf\basiclayer\pgfcorescopes.code.tex
File: pgfcorescopes.code.tex 2015/05/08  (rcs-revision 1.46)
\pgfpic=\box28
\pgf@hbox=\box29
\pgf@layerbox@main=\box30
\pgf@picture@serial@count=\count97
)
(D:\Kevin_Uni\Latex\tex\generic\pgf\basiclayer\pgfcoregraphicstate.code.tex
File: pgfcoregraphicstate.code.tex 2014/11/02  (rcs-revision 1.12)
\pgflinewidth=\dimen134
)
(D:\Kevin_Uni\Latex\tex\generic\pgf\basiclayer\pgfcoretransformations.code.tex
File: pgfcoretransformations.code.tex 2015/08/07  (rcs-revision 1.20)
\pgf@pt@x=\dimen135
\pgf@pt@y=\dimen136
\pgf@pt@temp=\dimen137
) (D:\Kevin_Uni\Latex\tex\generic\pgf\basiclayer\pgfcorequick.code.tex
File: pgfcorequick.code.tex 2008/10/09  (rcs-revision 1.3)
)
(D:\Kevin_Uni\Latex\tex\generic\pgf\basiclayer\pgfcoreobjects.code.tex
File: pgfcoreobjects.code.tex 2006/10/11  (rcs-revision 1.2)
)
(D:\Kevin_Uni\Latex\tex\generic\pgf\basiclayer\pgfcorepathprocessing.code.tex
File: pgfcorepathprocessing.code.tex 2013/09/09  (rcs-revision 1.9)
)
(D:\Kevin_Uni\Latex\tex\generic\pgf\basiclayer\pgfcorearrows.code.tex
File: pgfcorearrows.code.tex 2015/05/14  (rcs-revision 1.43)
\pgfarrowsep=\dimen138
)
(D:\Kevin_Uni\Latex\tex\generic\pgf\basiclayer\pgfcoreshade.code.tex
File: pgfcoreshade.code.tex 2013/07/15  (rcs-revision 1.15)
\pgf@max=\dimen139
\pgf@sys@shading@range@num=\count98
)
(D:\Kevin_Uni\Latex\tex\generic\pgf\basiclayer\pgfcoreimage.code.tex
File: pgfcoreimage.code.tex 2013/07/15  (rcs-revision 1.18)

(D:\Kevin_Uni\Latex\tex\generic\pgf\basiclayer\pgfcoreexternal.code.tex
File: pgfcoreexternal.code.tex 2014/07/09  (rcs-revision 1.21)
\pgfexternal@startupbox=\box31
))
(D:\Kevin_Uni\Latex\tex\generic\pgf\basiclayer\pgfcorelayers.code.tex
File: pgfcorelayers.code.tex 2013/07/18  (rcs-revision 1.7)
)
(D:\Kevin_Uni\Latex\tex\generic\pgf\basiclayer\pgfcoretransparency.code.tex
File: pgfcoretransparency.code.tex 2013/09/30  (rcs-revision 1.5)
)
(D:\Kevin_Uni\Latex\tex\generic\pgf\basiclayer\pgfcorepatterns.code.tex
File: pgfcorepatterns.code.tex 2013/11/07  (rcs-revision 1.5)
)))
(D:\Kevin_Uni\Latex\tex\generic\pgf\modules\pgfmoduleshapes.code.tex
File: pgfmoduleshapes.code.tex 2014/03/21  (rcs-revision 1.35)
\pgfnodeparttextbox=\box32
)
(D:\Kevin_Uni\Latex\tex\generic\pgf\modules\pgfmoduleplot.code.tex
File: pgfmoduleplot.code.tex 2015/08/03  (rcs-revision 1.13)
)
(D:\Kevin_Uni\Latex\tex\latex\pgf\compatibility\pgfcomp-version-0-65.sty
Package: pgfcomp-version-0-65 2007/07/03 v3.0.1a (rcs-revision 1.7)
\pgf@nodesepstart=\dimen140
\pgf@nodesepend=\dimen141
)
(D:\Kevin_Uni\Latex\tex\latex\pgf\compatibility\pgfcomp-version-1-18.sty
Package: pgfcomp-version-1-18 2007/07/23 v3.0.1a (rcs-revision 1.1)
))
(D:\Kevin_Uni\Latex\tex\latex\pgf\utilities\pgffor.sty
(D:\Kevin_Uni\Latex\tex\latex\pgf\utilities\pgfkeys.sty
(D:\Kevin_Uni\Latex\tex\generic\pgf\utilities\pgfkeys.code.tex))
(D:\Kevin_Uni\Latex\tex\latex\pgf\math\pgfmath.sty
(D:\Kevin_Uni\Latex\tex\generic\pgf\math\pgfmath.code.tex))
(D:\Kevin_Uni\Latex\tex\generic\pgf\utilities\pgffor.code.tex
Package: pgffor 2013/12/13 v3.0.1a (rcs-revision 1.25)

(D:\Kevin_Uni\Latex\tex\generic\pgf\math\pgfmath.code.tex)
\pgffor@iter=\dimen142
\pgffor@skip=\dimen143
\pgffor@stack=\toks25
\pgffor@toks=\toks26
))
(D:\Kevin_Uni\Latex\tex\generic\pgf\frontendlayer\tikz\tikz.code.tex
Package: tikz 2015/08/07 v3.0.1a (rcs-revision 1.151)

(D:\Kevin_Uni\Latex\tex\generic\pgf\libraries\pgflibraryplothandlers.code.tex
File: pgflibraryplothandlers.code.tex 2013/08/31 v3.0.1a (rcs-revision 1.20)
\pgf@plot@mark@count=\count99
\pgfplotmarksize=\dimen144
)
\tikz@lastx=\dimen145
\tikz@lasty=\dimen146
\tikz@lastxsaved=\dimen147
\tikz@lastysaved=\dimen148
\tikzleveldistance=\dimen149
\tikzsiblingdistance=\dimen150
\tikz@figbox=\box33
\tikz@figbox@bg=\box34
\tikz@tempbox=\box35
\tikz@tempbox@bg=\box36
\tikztreelevel=\count100
\tikznumberofchildren=\count101
\tikznumberofcurrentchild=\count102
\tikz@fig@count=\count103

(D:\Kevin_Uni\Latex\tex\generic\pgf\modules\pgfmodulematrix.code.tex
File: pgfmodulematrix.code.tex 2013/09/17  (rcs-revision 1.8)
\pgfmatrixcurrentrow=\count104
\pgfmatrixcurrentcolumn=\count105
\pgf@matrix@numberofcolumns=\count106
)
\tikz@expandcount=\count107

(D:\Kevin_Uni\Latex\tex\generic\pgf\frontendlayer\tikz\libraries\tikzlibrarytop
aths.code.tex
File: tikzlibrarytopaths.code.tex 2008/06/17 v3.0.1a (rcs-revision 1.2)
))) (D:\Kevin_Uni\Latex\tex\generic\pgfplots\pgfplots.code.tex
(D:\Kevin_Uni\Latex\tex\generic\pgfplots\pgfplotscore.code.tex
\t@pgfplots@toka=\toks27
\t@pgfplots@tokb=\toks28
\t@pgfplots@tokc=\toks29
\pgfplots@tmpa=\dimen151
\c@pgfplots@coordindex=\count108
\c@pgfplots@scanlineindex=\count109

(D:\Kevin_Uni\Latex\tex\generic\pgfplots\sys\pgfplotssysgeneric.code.tex))
(D:\Kevin_Uni\Latex\tex\generic\pgfplots\libs\pgfplotslibrary.code.tex)
(D:\Kevin_Uni\Latex\tex\generic\pgfplots\oldpgfcompatib\pgfplotsoldpgfsupp_load
er.code.tex
(D:\Kevin_Uni\Latex\tex\generic\pgf\libraries\pgflibraryfpu.code.tex)
Package pgfplots: loading complementary arithmetics for your pgf version...

(D:\Kevin_Uni\Latex\tex\generic\pgfplots\oldpgfcompatib\pgfplotsoldpgfsupp_pgfl
ibraryfpu.code.tex)
(D:\Kevin_Uni\Latex\tex\generic\pgfplots\oldpgfcompatib\pgfplotsoldpgfsupp_pgfm
athfloat.code.tex
\c@pgfmathroundto@lastzeros=\count110
))
(D:\Kevin_Uni\Latex\tex\generic\pgfplots\util\pgfplotsutil.code.tex
(D:\Kevin_Uni\Latex\tex\generic\pgfplots\liststructure\pgfplotsliststructure.co
de.tex)
(D:\Kevin_Uni\Latex\tex\generic\pgfplots\liststructure\pgfplotsliststructureext
.code.tex)
(D:\Kevin_Uni\Latex\tex\generic\pgfplots\liststructure\pgfplotsarray.code.tex
\c@pgfplotsarray@tmp=\count111
)
(D:\Kevin_Uni\Latex\tex\generic\pgfplots\liststructure\pgfplotsmatrix.code.tex)
(D:\Kevin_Uni\Latex\tex\generic\pgfplots\numtable\pgfplotstableshared.code.tex
\c@pgfplotstable@counta=\count112
\t@pgfplotstable@a=\toks30
) (D:\Kevin_Uni\Latex\tex\generic\pgfplots\liststructure\pgfplotsdeque.code.tex
) (D:\Kevin_Uni\Latex\tex\generic\pgfplots\util\pgfplotsbinary.code.tex
(D:\Kevin_Uni\Latex\tex\generic\pgfplots\util\pgfplotsbinary.data.code.tex))
(D:\Kevin_Uni\Latex\tex\generic\pgfplots\util\pgfplotsutil.verb.code.tex)
(D:\Kevin_Uni\Latex\tex\generic\pgfplots\libs\pgflibrarypgfplots.surfshading.co
de.tex
\c@pgfplotslibrarysurf@no=\count113

(D:\Kevin_Uni\Latex\tex\generic\pgfplots\sys\pgflibrarypgfplots.surfshading.pgf
sys-pdftex.def)))
(D:\Kevin_Uni\Latex\tex\generic\pgfplots\util\pgfplotscolormap.code.tex
(D:\Kevin_Uni\Latex\tex\generic\pgfplots\util\pgfplotscolor.code.tex))
(D:\Kevin_Uni\Latex\tex\generic\pgfplots\pgfplotsstackedplots.code.tex)
(D:\Kevin_Uni\Latex\tex\generic\pgfplots\pgfplotsplothandlers.code.tex
(D:\Kevin_Uni\Latex\tex\generic\pgfplots\pgfplotsmeshplothandler.code.tex
(D:\Kevin_Uni\Latex\tex\generic\pgfplots\pgfplotsmeshplotimage.code.tex)))
(D:\Kevin_Uni\Latex\tex\generic\pgfplots\pgfplots.scaling.code.tex)
(D:\Kevin_Uni\Latex\tex\generic\pgfplots\pgfplotscoordprocessing.code.tex)
(D:\Kevin_Uni\Latex\tex\generic\pgfplots\pgfplots.errorbars.code.tex)
(D:\Kevin_Uni\Latex\tex\generic\pgfplots\pgfplots.markers.code.tex)
(D:\Kevin_Uni\Latex\tex\generic\pgfplots\pgfplotsticks.code.tex)
(D:\Kevin_Uni\Latex\tex\generic\pgfplots\pgfplots.paths.code.tex)
(D:\Kevin_Uni\Latex\tex\generic\pgf\frontendlayer\tikz\libraries\tikzlibrarydec
orations.code.tex
(D:\Kevin_Uni\Latex\tex\generic\pgf\modules\pgfmoduledecorations.code.tex
\pgfdecoratedcompleteddistance=\dimen152
\pgfdecoratedremainingdistance=\dimen153
\pgfdecoratedinputsegmentcompleteddistance=\dimen154
\pgfdecoratedinputsegmentremainingdistance=\dimen155
\pgf@decorate@distancetomove=\dimen156
\pgf@decorate@repeatstate=\count114
\pgfdecorationsegmentamplitude=\dimen157
\pgfdecorationsegmentlength=\dimen158
)
\tikz@lib@dec@box=\box37
)
(D:\Kevin_Uni\Latex\tex\generic\pgf\frontendlayer\tikz\libraries\tikzlibrarydec
orations.pathmorphing.code.tex
(D:\Kevin_Uni\Latex\tex\generic\pgf\libraries\decorations\pgflibrarydecorations
.pathmorphing.code.tex))
(D:\Kevin_Uni\Latex\tex\generic\pgf\frontendlayer\tikz\libraries\tikzlibrarydec
orations.pathreplacing.code.tex
(D:\Kevin_Uni\Latex\tex\generic\pgf\libraries\decorations\pgflibrarydecorations
.pathreplacing.code.tex))
\pgfplots@numplots=\count115
\pgfplots@xmin@reg=\dimen159
\pgfplots@xmax@reg=\dimen160
\pgfplots@ymin@reg=\dimen161
\pgfplots@ymax@reg=\dimen162
\pgfplots@zmin@reg=\dimen163
\pgfplots@zmax@reg=\dimen164
)
(D:\Kevin_Uni\Latex\tex\generic\pgf\frontendlayer\tikz\libraries\tikzlibraryplo
tmarks.code.tex
File: tikzlibraryplotmarks.code.tex 2008/01/09 v3.0.1a (rcs-revision 1.1)

(D:\Kevin_Uni\Latex\tex\generic\pgf\libraries\pgflibraryplotmarks.code.tex
File: pgflibraryplotmarks.code.tex 2015/08/03 v3.0.1a (rcs-revision 1.14)
)))
(D:\Kevin_Uni\Latex\tex\latex\base\inputenc.sty
Package: inputenc 2015/03/17 v1.2c Input encoding file
\inpenc@prehook=\toks31
\inpenc@posthook=\toks32

(D:\Kevin_Uni\Latex\tex\latex\base\utf8.def
File: utf8.def 2017/01/28 v1.1t UTF-8 support for inputenc
Now handling font encoding OML ...
... no UTF-8 mapping file for font encoding OML
Now handling font encoding T1 ...
... processing UTF-8 mapping file for font encoding T1

(D:\Kevin_Uni\Latex\tex\latex\base\t1enc.dfu
File: t1enc.dfu 2017/01/28 v1.1t UTF-8 support for inputenc
   defining Unicode char U+00A0 (decimal 160)
   defining Unicode char U+00A1 (decimal 161)
   defining Unicode char U+00A3 (decimal 163)
   defining Unicode char U+00AB (decimal 171)
   defining Unicode char U+00AD (decimal 173)
   defining Unicode char U+00BB (decimal 187)
   defining Unicode char U+00BF (decimal 191)
   defining Unicode char U+00C0 (decimal 192)
   defining Unicode char U+00C1 (decimal 193)
   defining Unicode char U+00C2 (decimal 194)
   defining Unicode char U+00C3 (decimal 195)
   defining Unicode char U+00C4 (decimal 196)
   defining Unicode char U+00C5 (decimal 197)
   defining Unicode char U+00C6 (decimal 198)
   defining Unicode char U+00C7 (decimal 199)
   defining Unicode char U+00C8 (decimal 200)
   defining Unicode char U+00C9 (decimal 201)
   defining Unicode char U+00CA (decimal 202)
   defining Unicode char U+00CB (decimal 203)
   defining Unicode char U+00CC (decimal 204)
   defining Unicode char U+00CD (decimal 205)
   defining Unicode char U+00CE (decimal 206)
   defining Unicode char U+00CF (decimal 207)
   defining Unicode char U+00D0 (decimal 208)
   defining Unicode char U+00D1 (decimal 209)
   defining Unicode char U+00D2 (decimal 210)
   defining Unicode char U+00D3 (decimal 211)
   defining Unicode char U+00D4 (decimal 212)
   defining Unicode char U+00D5 (decimal 213)
   defining Unicode char U+00D6 (decimal 214)
   defining Unicode char U+00D8 (decimal 216)
   defining Unicode char U+00D9 (decimal 217)
   defining Unicode char U+00DA (decimal 218)
   defining Unicode char U+00DB (decimal 219)
   defining Unicode char U+00DC (decimal 220)
   defining Unicode char U+00DD (decimal 221)
   defining Unicode char U+00DE (decimal 222)
   defining Unicode char U+00DF (decimal 223)
   defining Unicode char U+00E0 (decimal 224)
   defining Unicode char U+00E1 (decimal 225)
   defining Unicode char U+00E2 (decimal 226)
   defining Unicode char U+00E3 (decimal 227)
   defining Unicode char U+00E4 (decimal 228)
   defining Unicode char U+00E5 (decimal 229)
   defining Unicode char U+00E6 (decimal 230)
   defining Unicode char U+00E7 (decimal 231)
   defining Unicode char U+00E8 (decimal 232)
   defining Unicode char U+00E9 (decimal 233)
   defining Unicode char U+00EA (decimal 234)
   defining Unicode char U+00EB (decimal 235)
   defining Unicode char U+00EC (decimal 236)
   defining Unicode char U+00ED (decimal 237)
   defining Unicode char U+00EE (decimal 238)
   defining Unicode char U+00EF (decimal 239)
   defining Unicode char U+00F0 (decimal 240)
   defining Unicode char U+00F1 (decimal 241)
   defining Unicode char U+00F2 (decimal 242)
   defining Unicode char U+00F3 (decimal 243)
   defining Unicode char U+00F4 (decimal 244)
   defining Unicode char U+00F5 (decimal 245)
   defining Unicode char U+00F6 (decimal 246)
   defining Unicode char U+00F8 (decimal 248)
   defining Unicode char U+00F9 (decimal 249)
   defining Unicode char U+00FA (decimal 250)
   defining Unicode char U+00FB (decimal 251)
   defining Unicode char U+00FC (decimal 252)
   defining Unicode char U+00FD (decimal 253)
   defining Unicode char U+00FE (decimal 254)
   defining Unicode char U+00FF (decimal 255)
   defining Unicode char U+0100 (decimal 256)
   defining Unicode char U+0101 (decimal 257)
   defining Unicode char U+0102 (decimal 258)
   defining Unicode char U+0103 (decimal 259)
   defining Unicode char U+0104 (decimal 260)
   defining Unicode char U+0105 (decimal 261)
   defining Unicode char U+0106 (decimal 262)
   defining Unicode char U+0107 (decimal 263)
   defining Unicode char U+0108 (decimal 264)
   defining Unicode char U+0109 (decimal 265)
   defining Unicode char U+010A (decimal 266)
   defining Unicode char U+010B (decimal 267)
   defining Unicode char U+010C (decimal 268)
   defining Unicode char U+010D (decimal 269)
   defining Unicode char U+010E (decimal 270)
   defining Unicode char U+010F (decimal 271)
   defining Unicode char U+0110 (decimal 272)
   defining Unicode char U+0111 (decimal 273)
   defining Unicode char U+0112 (decimal 274)
   defining Unicode char U+0113 (decimal 275)
   defining Unicode char U+0114 (decimal 276)
   defining Unicode char U+0115 (decimal 277)
   defining Unicode char U+0116 (decimal 278)
   defining Unicode char U+0117 (decimal 279)
   defining Unicode char U+0118 (decimal 280)
   defining Unicode char U+0119 (decimal 281)
   defining Unicode char U+011A (decimal 282)
   defining Unicode char U+011B (decimal 283)
   defining Unicode char U+011C (decimal 284)
   defining Unicode char U+011D (decimal 285)
   defining Unicode char U+011E (decimal 286)
   defining Unicode char U+011F (decimal 287)
   defining Unicode char U+0120 (decimal 288)
   defining Unicode char U+0121 (decimal 289)
   defining Unicode char U+0122 (decimal 290)
   defining Unicode char U+0123 (decimal 291)
   defining Unicode char U+0124 (decimal 292)
   defining Unicode char U+0125 (decimal 293)
   defining Unicode char U+0128 (decimal 296)
   defining Unicode char U+0129 (decimal 297)
   defining Unicode char U+012A (decimal 298)
   defining Unicode char U+012B (decimal 299)
   defining Unicode char U+012C (decimal 300)
   defining Unicode char U+012D (decimal 301)
   defining Unicode char U+012E (decimal 302)
   defining Unicode char U+012F (decimal 303)
   defining Unicode char U+0130 (decimal 304)
   defining Unicode char U+0131 (decimal 305)
   defining Unicode char U+0132 (decimal 306)
   defining Unicode char U+0133 (decimal 307)
   defining Unicode char U+0134 (decimal 308)
   defining Unicode char U+0135 (decimal 309)
   defining Unicode char U+0136 (decimal 310)
   defining Unicode char U+0137 (decimal 311)
   defining Unicode char U+0139 (decimal 313)
   defining Unicode char U+013A (decimal 314)
   defining Unicode char U+013B (decimal 315)
   defining Unicode char U+013C (decimal 316)
   defining Unicode char U+013D (decimal 317)
   defining Unicode char U+013E (decimal 318)
   defining Unicode char U+0141 (decimal 321)
   defining Unicode char U+0142 (decimal 322)
   defining Unicode char U+0143 (decimal 323)
   defining Unicode char U+0144 (decimal 324)
   defining Unicode char U+0145 (decimal 325)
   defining Unicode char U+0146 (decimal 326)
   defining Unicode char U+0147 (decimal 327)
   defining Unicode char U+0148 (decimal 328)
   defining Unicode char U+014A (decimal 330)
   defining Unicode char U+014B (decimal 331)
   defining Unicode char U+014C (decimal 332)
   defining Unicode char U+014D (decimal 333)
   defining Unicode char U+014E (decimal 334)
   defining Unicode char U+014F (decimal 335)
   defining Unicode char U+0150 (decimal 336)
   defining Unicode char U+0151 (decimal 337)
   defining Unicode char U+0152 (decimal 338)
   defining Unicode char U+0153 (decimal 339)
   defining Unicode char U+0154 (decimal 340)
   defining Unicode char U+0155 (decimal 341)
   defining Unicode char U+0156 (decimal 342)
   defining Unicode char U+0157 (decimal 343)
   defining Unicode char U+0158 (decimal 344)
   defining Unicode char U+0159 (decimal 345)
   defining Unicode char U+015A (decimal 346)
   defining Unicode char U+015B (decimal 347)
   defining Unicode char U+015C (decimal 348)
   defining Unicode char U+015D (decimal 349)
   defining Unicode char U+015E (decimal 350)
   defining Unicode char U+015F (decimal 351)
   defining Unicode char U+0160 (decimal 352)
   defining Unicode char U+0161 (decimal 353)
   defining Unicode char U+0162 (decimal 354)
   defining Unicode char U+0163 (decimal 355)
   defining Unicode char U+0164 (decimal 356)
   defining Unicode char U+0165 (decimal 357)
   defining Unicode char U+0168 (decimal 360)
   defining Unicode char U+0169 (decimal 361)
   defining Unicode char U+016A (decimal 362)
   defining Unicode char U+016B (decimal 363)
   defining Unicode char U+016C (decimal 364)
   defining Unicode char U+016D (decimal 365)
   defining Unicode char U+016E (decimal 366)
   defining Unicode char U+016F (decimal 367)
   defining Unicode char U+0170 (decimal 368)
   defining Unicode char U+0171 (decimal 369)
   defining Unicode char U+0172 (decimal 370)
   defining Unicode char U+0173 (decimal 371)
   defining Unicode char U+0174 (decimal 372)
   defining Unicode char U+0175 (decimal 373)
   defining Unicode char U+0176 (decimal 374)
   defining Unicode char U+0177 (decimal 375)
   defining Unicode char U+0178 (decimal 376)
   defining Unicode char U+0179 (decimal 377)
   defining Unicode char U+017A (decimal 378)
   defining Unicode char U+017B (decimal 379)
   defining Unicode char U+017C (decimal 380)
   defining Unicode char U+017D (decimal 381)
   defining Unicode char U+017E (decimal 382)
   defining Unicode char U+01CD (decimal 461)
   defining Unicode char U+01CE (decimal 462)
   defining Unicode char U+01CF (decimal 463)
   defining Unicode char U+01D0 (decimal 464)
   defining Unicode char U+01D1 (decimal 465)
   defining Unicode char U+01D2 (decimal 466)
   defining Unicode char U+01D3 (decimal 467)
   defining Unicode char U+01D4 (decimal 468)
   defining Unicode char U+01E2 (decimal 482)
   defining Unicode char U+01E3 (decimal 483)
   defining Unicode char U+01E6 (decimal 486)
   defining Unicode char U+01E7 (decimal 487)
   defining Unicode char U+01E8 (decimal 488)
   defining Unicode char U+01E9 (decimal 489)
   defining Unicode char U+01EA (decimal 490)
   defining Unicode char U+01EB (decimal 491)
   defining Unicode char U+01F0 (decimal 496)
   defining Unicode char U+01F4 (decimal 500)
   defining Unicode char U+01F5 (decimal 501)
   defining Unicode char U+0218 (decimal 536)
   defining Unicode char U+0219 (decimal 537)
   defining Unicode char U+021A (decimal 538)
   defining Unicode char U+021B (decimal 539)
   defining Unicode char U+0232 (decimal 562)
   defining Unicode char U+0233 (decimal 563)
   defining Unicode char U+1E02 (decimal 7682)
   defining Unicode char U+1E03 (decimal 7683)
   defining Unicode char U+200C (decimal 8204)
   defining Unicode char U+2010 (decimal 8208)
   defining Unicode char U+2011 (decimal 8209)
   defining Unicode char U+2012 (decimal 8210)
   defining Unicode char U+2013 (decimal 8211)
   defining Unicode char U+2014 (decimal 8212)
   defining Unicode char U+2015 (decimal 8213)
   defining Unicode char U+2018 (decimal 8216)
   defining Unicode char U+2019 (decimal 8217)
   defining Unicode char U+201A (decimal 8218)
   defining Unicode char U+201C (decimal 8220)
   defining Unicode char U+201D (decimal 8221)
   defining Unicode char U+201E (decimal 8222)
   defining Unicode char U+2030 (decimal 8240)
   defining Unicode char U+2031 (decimal 8241)
   defining Unicode char U+2039 (decimal 8249)
   defining Unicode char U+203A (decimal 8250)
   defining Unicode char U+2423 (decimal 9251)
   defining Unicode char U+1E20 (decimal 7712)
   defining Unicode char U+1E21 (decimal 7713)
)
Now handling font encoding OT1 ...
... processing UTF-8 mapping file for font encoding OT1

(D:\Kevin_Uni\Latex\tex\latex\base\ot1enc.dfu
File: ot1enc.dfu 2017/01/28 v1.1t UTF-8 support for inputenc
   defining Unicode char U+00A0 (decimal 160)
   defining Unicode char U+00A1 (decimal 161)
   defining Unicode char U+00A3 (decimal 163)
   defining Unicode char U+00AD (decimal 173)
   defining Unicode char U+00B8 (decimal 184)
   defining Unicode char U+00BF (decimal 191)
   defining Unicode char U+00C5 (decimal 197)
   defining Unicode char U+00C6 (decimal 198)
   defining Unicode char U+00D8 (decimal 216)
   defining Unicode char U+00DF (decimal 223)
   defining Unicode char U+00E6 (decimal 230)
   defining Unicode char U+00EC (decimal 236)
   defining Unicode char U+00ED (decimal 237)
   defining Unicode char U+00EE (decimal 238)
   defining Unicode char U+00EF (decimal 239)
   defining Unicode char U+00F8 (decimal 248)
   defining Unicode char U+0131 (decimal 305)
   defining Unicode char U+0141 (decimal 321)
   defining Unicode char U+0142 (decimal 322)
   defining Unicode char U+0152 (decimal 338)
   defining Unicode char U+0153 (decimal 339)
   defining Unicode char U+0174 (decimal 372)
   defining Unicode char U+0175 (decimal 373)
   defining Unicode char U+0176 (decimal 374)
   defining Unicode char U+0177 (decimal 375)
   defining Unicode char U+0218 (decimal 536)
   defining Unicode char U+0219 (decimal 537)
   defining Unicode char U+021A (decimal 538)
   defining Unicode char U+021B (decimal 539)
   defining Unicode char U+2013 (decimal 8211)
   defining Unicode char U+2014 (decimal 8212)
   defining Unicode char U+2018 (decimal 8216)
   defining Unicode char U+2019 (decimal 8217)
   defining Unicode char U+201C (decimal 8220)
   defining Unicode char U+201D (decimal 8221)
)
Now handling font encoding OMS ...
... processing UTF-8 mapping file for font encoding OMS

(D:\Kevin_Uni\Latex\tex\latex\base\omsenc.dfu
File: omsenc.dfu 2017/01/28 v1.1t UTF-8 support for inputenc
   defining Unicode char U+00A7 (decimal 167)
   defining Unicode char U+00B6 (decimal 182)
   defining Unicode char U+00B7 (decimal 183)
   defining Unicode char U+2020 (decimal 8224)
   defining Unicode char U+2021 (decimal 8225)
   defining Unicode char U+2022 (decimal 8226)
)
Now handling font encoding OMX ...
... no UTF-8 mapping file for font encoding OMX
Now handling font encoding U ...
... no UTF-8 mapping file for font encoding U
   defining Unicode char U+00A9 (decimal 169)
   defining Unicode char U+00AA (decimal 170)
   defining Unicode char U+00AE (decimal 174)
   defining Unicode char U+00BA (decimal 186)
   defining Unicode char U+02C6 (decimal 710)
   defining Unicode char U+02DC (decimal 732)
   defining Unicode char U+200C (decimal 8204)
   defining Unicode char U+2026 (decimal 8230)
   defining Unicode char U+2122 (decimal 8482)
   defining Unicode char U+2423 (decimal 9251)
))
(D:\Kevin_Uni\Latex\tex\latex\ntgclass\a4.sty
Package: a4 2004/04/15 v1.2g A4 based page layout
)
(D:\Kevin_Uni\Latex\tex\latex\hyperref\hyperref.sty
Package: hyperref 2017/03/14 v6.85a Hypertext links for LaTeX

(D:\Kevin_Uni\Latex\tex\generic\oberdiek\hobsub-hyperref.sty
Package: hobsub-hyperref 2016/05/16 v1.14 Bundle oberdiek, subset hyperref (HO)


(D:\Kevin_Uni\Latex\tex\generic\oberdiek\hobsub-generic.sty
Package: hobsub-generic 2016/05/16 v1.14 Bundle oberdiek, subset generic (HO)
Package: hobsub 2016/05/16 v1.14 Construct package bundles (HO)
Package hobsub Info: Skipping package `infwarerr' (already loaded).
Package hobsub Info: Skipping package `ltxcmds' (already loaded).
Package: ifluatex 2016/05/16 v1.4 Provides the ifluatex switch (HO)
Package ifluatex Info: LuaTeX not detected.
Package: ifvtex 2016/05/16 v1.6 Detect VTeX and its facilities (HO)
Package ifvtex Info: VTeX not detected.
Package: intcalc 2016/05/16 v1.2 Expandable calculations with integers (HO)
Package: ifpdf 2017/03/15 v3.2 Provides the ifpdf switch
Package: etexcmds 2016/05/16 v1.6 Avoid name clashes with e-TeX commands (HO)
Package etexcmds Info: Could not find \expanded.
(etexcmds)             That can mean that you are not using pdfTeX 1.50 or
(etexcmds)             that some package has redefined \expanded.
(etexcmds)             In the latter case, load this package earlier.
Package: kvsetkeys 2016/05/16 v1.17 Key value parser (HO)
Package: kvdefinekeys 2016/05/16 v1.4 Define keys (HO)
Package: pdftexcmds 2017/03/19 v0.25 Utility functions of pdfTeX for LuaTeX (HO
)
Package pdftexcmds Info: LuaTeX not detected.
Package pdftexcmds Info: \pdf@primitive is available.
Package pdftexcmds Info: \pdf@ifprimitive is available.
Package pdftexcmds Info: \pdfdraftmode found.
Package: pdfescape 2016/05/16 v1.14 Implements pdfTeX's escape features (HO)
Package: bigintcalc 2016/05/16 v1.4 Expandable calculations on big integers (HO
)
Package: bitset 2016/05/16 v1.2 Handle bit-vector datatype (HO)
Package: uniquecounter 2016/05/16 v1.3 Provide unlimited unique counter (HO)
)
Package hobsub Info: Skipping package `hobsub' (already loaded).
Package: letltxmacro 2016/05/16 v1.5 Let assignment for LaTeX macros (HO)
Package: hopatch 2016/05/16 v1.3 Wrapper for package hooks (HO)
Package: xcolor-patch 2016/05/16 xcolor patch
Package: atveryend 2016/05/16 v1.9 Hooks at the very end of document (HO)
Package atveryend Info: \enddocument detected (standard20110627).
Package: atbegshi 2016/06/09 v1.18 At begin shipout hook (HO)
Package: refcount 2016/05/16 v3.5 Data extraction from label references (HO)
Package: hycolor 2016/05/16 v1.8 Color options for hyperref/bookmark (HO)
)
(D:\Kevin_Uni\Latex\tex\generic\ifxetex\ifxetex.sty
Package: ifxetex 2010/09/12 v0.6 Provides ifxetex conditional
)
(D:\Kevin_Uni\Latex\tex\latex\oberdiek\auxhook.sty
Package: auxhook 2016/05/16 v1.4 Hooks for auxiliary files (HO)
)
(D:\Kevin_Uni\Latex\tex\latex\oberdiek\kvoptions.sty
Package: kvoptions 2016/05/16 v3.12 Key value format for package options (HO)
)
\@linkdim=\dimen165
\Hy@linkcounter=\count116
\Hy@pagecounter=\count117

(D:\Kevin_Uni\Latex\tex\latex\hyperref\pd1enc.def
File: pd1enc.def 2017/03/14 v6.85a Hyperref: PDFDocEncoding definition (HO)
Now handling font encoding PD1 ...
... no UTF-8 mapping file for font encoding PD1
)
\Hy@SavedSpaceFactor=\count118

(D:\Kevin_Uni\Latex\tex\latex\00miktex\hyperref.cfg
File: hyperref.cfg 2002/06/06 v1.2 hyperref configuration of TeXLive
)
Package hyperref Info: Hyper figures OFF on input line 4498.
Package hyperref Info: Link nesting OFF on input line 4503.
Package hyperref Info: Hyper index ON on input line 4506.
Package hyperref Info: Plain pages OFF on input line 4513.
Package hyperref Info: Backreferencing OFF on input line 4518.
Package hyperref Info: Implicit mode ON; LaTeX internals redefined.
Package hyperref Info: Bookmarks ON on input line 4751.
\c@Hy@tempcnt=\count119

(D:\Kevin_Uni\Latex\tex\latex\url\url.sty
\Urlmuskip=\muskip10
Package: url 2013/09/16  ver 3.4  Verb mode for urls, etc.
)
LaTeX Info: Redefining \url on input line 5104.
\XeTeXLinkMargin=\dimen166
\Fld@menulength=\count120
\Field@Width=\dimen167
\Fld@charsize=\dimen168
Package hyperref Info: Hyper figures OFF on input line 6358.
Package hyperref Info: Link nesting OFF on input line 6363.
Package hyperref Info: Hyper index ON on input line 6366.
Package hyperref Info: backreferencing OFF on input line 6373.
Package hyperref Info: Link coloring OFF on input line 6378.
Package hyperref Info: Link coloring with OCG OFF on input line 6383.
Package hyperref Info: PDF/A mode OFF on input line 6388.
LaTeX Info: Redefining \ref on input line 6428.
LaTeX Info: Redefining \pageref on input line 6432.
\Hy@abspage=\count121
\c@Item=\count122
\c@Hfootnote=\count123
)

Package hyperref Message: Driver (autodetected): hpdftex.

(D:\Kevin_Uni\Latex\tex\latex\hyperref\hpdftex.def
File: hpdftex.def 2017/03/14 v6.85a Hyperref driver for pdfTeX
\Fld@listcount=\count124
\c@bookmark@seq@number=\count125

(D:\Kevin_Uni\Latex\tex\latex\oberdiek\rerunfilecheck.sty
Package: rerunfilecheck 2016/05/16 v1.8 Rerun checks for auxiliary files (HO)
Package uniquecounter Info: New unique counter `rerunfilecheck' on input line 2
82.
)
\Hy@SectionHShift=\skip43
)
(D:\Kevin_Uni\Latex\tex\latex\hyphenat\hyphenat.sty
Package: hyphenat 2009/09/02 v2.3c hyphenation utilities
\langwohyphens=\language76
LaTeX Info: Redefining \_ on input line 43.
)
(D:\Kevin_Uni\Latex\tex\latex\ltxmisc\parskip.sty
Package: parskip 2001/04/09 non-zero parskip adjustments
)
(D:\Kevin_Uni\Latex\tex\latex\umlaute\umlaute.sty
Package: umlaute 2006/01/29 v2.1 umlaute package (AS)


Package umlaute Warning: This package has been superseeded by the `inputenc' pa
ckage on input line 32.

) (D:\Kevin_Uni\Latex\tex\latex\tools\afterpage.sty
Package: afterpage 2014/10/28 v1.08 After-Page Package (DPC)
\AP@output=\toks33
\AP@partial=\box38
\AP@footins=\box39
)
(D:\Kevin_Uni\Latex\tex\latex\base\makeidx.sty
Package: makeidx 2014/09/29 v1.0m Standard LaTeX package
)
(D:\Kevin_Uni\Latex\tex\latex\natbib\natbib.sty
Package: natbib 2010/09/13 8.31b (PWD, AO)
\bibhang=\skip44
\bibsep=\skip45
LaTeX Info: Redefining \cite on input line 694.
\c@NAT@ctr=\count126
) (picins.sty
Option `picins' Version 3.0 Sep. 1992, TH Darmstadt/HRZ
\@BILD=\box40
\@TEXT=\box41
\d@breite=\dimen169
\d@hoehe=\dimen170
\d@xoff=\dimen171
\d@yoff=\dimen172
\d@shad=\dimen173
\d@dash=\dimen174
\d@boxl=\dimen175
\d@pichskip=\dimen176
\d@tmp=\dimen177
\d@tmpa=\dimen178
\d@bskip=\dimen179
\hsiz@=\dimen180
\p@getot@l=\dimen181
\c@breite=\count127
\c@hoehe=\count128
\c@xoff=\count129
\c@yoff=\count130
\c@pos=\count131
\c@shad=\count132
\c@dash=\count133
\c@boxl=\count134
\c@zeilen=\count135
\@changemode=\count136
\c@piccaption=\count137
\c@piccaptionpos=\count138
\c@picpos=\count139
\c@whole=\count140
\c@half=\count141
\c@tmp=\count142
\c@tmpa=\count143
\c@tmpb=\count144
\c@tmpc=\count145
\c@tmpd=\count146
\d@leftskip=\skip46
\ptoti=\dimen182
\ptotii=\dimen183
\env@box=\box42
\d@envdp=\dimen184
\c@hsize=\count147
\c@envdp=\count148
\d@envb=\dimen185
)
(D:\Kevin_Uni\Latex\tex\latex\setspace\setspace.sty
Package: setspace 2011/12/19 v6.7a set line spacing
)
(D:\Kevin_Uni\Latex\tex\latex\titlesec\titlesec.sty
Package: titlesec 2016/03/21 v2.10.2 Sectioning titles
\ttl@box=\box43
\beforetitleunit=\skip47
\aftertitleunit=\skip48
\ttl@plus=\dimen186
\ttl@minus=\dimen187
\ttl@toksa=\toks34
\titlewidth=\dimen188
\titlewidthlast=\dimen189
\titlewidthfirst=\dimen190
) (dsfont.sty
Package: dsfont 1995/08/01 v0.1 Double stroke roman fonts
)
(D:\Kevin_Uni\Latex\tex\latex\tools\tabularx.sty
Package: tabularx 2016/02/03 v2.11 `tabularx' package (DPC)

(D:\Kevin_Uni\Latex\tex\latex\tools\array.sty
Package: array 2016/10/06 v2.4d Tabular extension package (FMi)
\col@sep=\dimen191
\extrarowheight=\dimen192
\NC@list=\toks35
\extratabsurround=\skip49
\backup@length=\skip50
)
\TX@col@width=\dimen193
\TX@old@table=\dimen194
\TX@old@col=\dimen195
\TX@target=\dimen196
\TX@delta=\dimen197
\TX@cols=\count149
\TX@ftn=\toks36
) (floatflt.sty
Package: floatflt 1997/07/16 v. 1.31
\c@OptionTest=\count150
\figbox=\box44
\tabbox=\box45
\pagebox=\box46
\ffigcount=\count151
\ftabcount=\count152
\fftest=\count153
\hangcount=\count154
\nosuccesstryfig=\count155
\nosuccesstrytab=\count156
\figgutter=\dimen198
\tabgutter=\dimen199
\htdone=\dimen256
\pageht=\dimen257
\startpageht=\dimen258
\tabbredd=\dimen259
\floatfltwidth=\dimen260
\fltitemwidth=\dimen261
\outputpretest=\toks37
)
(D:\Kevin_Uni\Latex\tex\latex\glossaries\base\glossaries.sty
Package: glossaries 2017/11/03 v4.34 (NLCT)

(D:\Kevin_Uni\Latex\tex\latex\base\ifthen.sty
Package: ifthen 2014/09/29 v1.1c Standard LaTeX ifthen package (DPC)
)
(D:\Kevin_Uni\Latex\tex\latex\xkeyval\xkeyval.sty
Package: xkeyval 2014/12/03 v2.7a package option processing (HA)

(D:\Kevin_Uni\Latex\tex\generic\xkeyval\xkeyval.tex
(D:\Kevin_Uni\Latex\tex\generic\xkeyval\xkvutils.tex
\XKV@toks=\toks38
\XKV@tempa@toks=\toks39
)
\XKV@depth=\count157
File: xkeyval.tex 2014/12/03 v2.7a key=value parser (HA)
))
(D:\Kevin_Uni\Latex\tex\latex\mfirstuc\mfirstuc.sty
Package: mfirstuc 2016/07/31 v2.04 (NLCT)

(D:\Kevin_Uni\Latex\tex\latex\etoolbox\etoolbox.sty
Package: etoolbox 2017/01/02 v2.4 e-TeX tools for LaTeX (JAW)
\etb@tempcnta=\count158
)
\@glsmfirst=\toks40
\@glsmrest=\toks41
)
(D:\Kevin_Uni\Latex\tex\latex\textcase\textcase.sty
Package: textcase 2004/10/07 v0.07 Text only upper/lower case changing (DPC)
)
(D:\Kevin_Uni\Latex\tex\latex\xfor\xfor.sty
Package: xfor 2009/02/05 v1.05 (NLCT)
)
(D:\Kevin_Uni\Latex\tex\latex\datatool\datatool-base.sty
Package: datatool-base 2016/07/28 v2.27 (NLCT)

(D:\Kevin_Uni\Latex\tex\latex\amsmath\amsmath.sty
Package: amsmath 2016/11/05 v2.16a AMS math features
\@mathmargin=\skip51

For additional information on amsmath, use the `?' option.
(D:\Kevin_Uni\Latex\tex\latex\amsmath\amstext.sty
Package: amstext 2000/06/29 v2.01 AMS text

(D:\Kevin_Uni\Latex\tex\latex\amsmath\amsgen.sty
File: amsgen.sty 1999/11/30 v2.0 generic functions
\@emptytoks=\toks42
\ex@=\dimen262
))
(D:\Kevin_Uni\Latex\tex\latex\amsmath\amsbsy.sty
Package: amsbsy 1999/11/29 v1.2d Bold Symbols
\pmbraise@=\dimen263
)
(D:\Kevin_Uni\Latex\tex\latex\amsmath\amsopn.sty
Package: amsopn 2016/03/08 v2.02 operator names
)
\inf@bad=\count159
LaTeX Info: Redefining \frac on input line 213.
\uproot@=\count160
\leftroot@=\count161
LaTeX Info: Redefining \overline on input line 375.
\classnum@=\count162
\DOTSCASE@=\count163
LaTeX Info: Redefining \ldots on input line 472.
LaTeX Info: Redefining \dots on input line 475.
LaTeX Info: Redefining \cdots on input line 596.
\Mathstrutbox@=\box47
\strutbox@=\box48
\big@size=\dimen264
LaTeX Font Info:    Redeclaring font encoding OML on input line 712.
LaTeX Font Info:    Redeclaring font encoding OMS on input line 713.
\macc@depth=\count164
\c@MaxMatrixCols=\count165
\dotsspace@=\muskip11
\c@parentequation=\count166
\dspbrk@lvl=\count167
\tag@help=\toks43
\row@=\count168
\column@=\count169
\maxfields@=\count170
\andhelp@=\toks44
\eqnshift@=\dimen265
\alignsep@=\dimen266
\tagshift@=\dimen267
\tagwidth@=\dimen268
\totwidth@=\dimen269
\lineht@=\dimen270
\@envbody=\toks45
\multlinegap=\skip52
\multlinetaggap=\skip53
\mathdisplay@stack=\toks46
LaTeX Info: Redefining \[ on input line 2817.
LaTeX Info: Redefining \] on input line 2818.
)
(D:\Kevin_Uni\Latex\tex\latex\substr\substr.sty
Package: substr 2009/10/20 v1.2 Handle substrings
\c@su@anzahl=\count171
)
(D:\Kevin_Uni\Latex\tex\latex\datatool\datatool-fp.sty
Package: datatool-fp 2016/07/28 v2.27 (NLCT)

(D:\Kevin_Uni\Latex\tex\latex\fp\fp.sty
Package: fp 1995/04/02

`Fixed Point Package', Version 0.8, April 2, 1995 (C) Michael Mehlich
(D:\Kevin_Uni\Latex\tex\latex\fp\defpattern.sty
Package: defpattern 1994/10/12
\actioncount=\count172
)
(D:\Kevin_Uni\Latex\tex\latex\fp\fp-basic.sty
Package: fp-basic 1996/05/13
\FP@xs=\count173
\FP@xia=\count174
\FP@xib=\count175
\FP@xfa=\count176
\FP@xfb=\count177
\FP@rega=\count178
\FP@regb=\count179
\FP@regs=\count180
\FP@times=\count181
)
(D:\Kevin_Uni\Latex\tex\latex\fp\fp-addons.sty
Package: fp-addons 1995/03/15
)
(D:\Kevin_Uni\Latex\tex\latex\fp\fp-snap.sty
Package: fp-snap 1995/04/05
)
(D:\Kevin_Uni\Latex\tex\latex\fp\fp-exp.sty
Package: fp-exp 1995/04/03
)
(D:\Kevin_Uni\Latex\tex\latex\fp\fp-trigo.sty
Package: fp-trigo 1995/04/14
)
(D:\Kevin_Uni\Latex\tex\latex\fp\fp-pas.sty
Package: fp-pas 1994/08/29
)
(D:\Kevin_Uni\Latex\tex\latex\fp\fp-random.sty
Package: fp-random 1995/02/23
\FPseed=\count182
)
(D:\Kevin_Uni\Latex\tex\latex\fp\fp-eqn.sty
Package: fp-eqn 1995/04/03
)
(D:\Kevin_Uni\Latex\tex\latex\fp\fp-upn.sty
Package: fp-upn 1996/10/21
)
(D:\Kevin_Uni\Latex\tex\latex\fp\fp-eval.sty
Package: fp-eval 1995/04/03
)))
\@dtl@toks=\toks47
\@dtl@tmpcount=\count183
\dtl@tmplength=\skip54
\dtl@sortresult=\count184
\@dtl@numgrpsepcount=\count185
\@dtl@datatype=\count186
\dtl@codeA=\count187
\dtl@codeB=\count188
\@dtl@foreach@level=\count189
)
(D:\Kevin_Uni\Latex\tex\latex\glossaries\base\glossaries-compatible-307.sty
Package: glossaries-compatible-307 2017/11/03 v4.34 (NLCT)
)
\gls@level=\count190
\@gls@tmpb=\toks48
\gls@tmplen=\skip55
\glskeylisttok=\toks49
\glslabeltok=\toks50
\glsshorttok=\toks51
\glslongtok=\toks52

(D:\Kevin_Uni\Latex\tex\latex\glossaries\styles\glossary-hypernav.sty
Package: glossary-hypernav 2017/11/03 v4.34 (NLCT)
)
(D:\Kevin_Uni\Latex\tex\latex\glossaries\styles\glossary-list.sty
Package: glossary-list 2017/11/03 v4.34 (NLCT)
\glslistdottedwidth=\skip56
)
(D:\Kevin_Uni\Latex\tex\latex\glossaries\styles\glossary-long.sty
Package: glossary-long 2017/11/03 v4.34 (NLCT)

(D:\Kevin_Uni\Latex\tex\latex\tools\longtable.sty
Package: longtable 2014/10/28 v4.11 Multi-page Table package (DPC)
\LTleft=\skip57
\LTright=\skip58
\LTpre=\skip59
\LTpost=\skip60
\LTchunksize=\count191
\LTcapwidth=\dimen271
\LT@head=\box49
\LT@firsthead=\box50
\LT@foot=\box51
\LT@lastfoot=\box52
\LT@cols=\count192
\LT@rows=\count193
\c@LT@tables=\count194
\c@LT@chunks=\count195
\LT@p@ftn=\toks53
)
\glsdescwidth=\skip61
\glspagelistwidth=\skip62
)
(D:\Kevin_Uni\Latex\tex\latex\glossaries\styles\glossary-super.sty
Package: glossary-super 2017/11/03 v4.34 (NLCT)

(D:\Kevin_Uni\Latex\tex\latex\supertabular\supertabular.sty
Package: supertabular 2004/02/20 v4.1e the supertabular environment
\c@tracingst=\count196
\ST@wd=\dimen272
\ST@rightskip=\skip63
\ST@leftskip=\skip64
\ST@parfillskip=\skip65
\ST@pageleft=\dimen273
\ST@headht=\dimen274
\ST@tailht=\dimen275
\ST@pagesofar=\dimen276
\ST@pboxht=\dimen277
\ST@lineht=\dimen278
\ST@stretchht=\dimen279
\ST@prevht=\dimen280
\ST@toadd=\dimen281
\ST@dimen=\dimen282
\ST@pbox=\box53
))
(D:\Kevin_Uni\Latex\tex\latex\glossaries\styles\glossary-tree.sty
Package: glossary-tree 2017/11/03 v4.34 (NLCT)
\glstreeindent=\skip66
))
(D:\Kevin_Uni\Latex\tex\latex\enumitem\enumitem.sty
Package: enumitem 2011/09/28 v3.5.2 Customized lists
\labelindent=\skip67
\enit@outerparindent=\dimen283
\enit@toks=\toks54
\enit@inbox=\box54
\enitdp@description=\count197
)
(D:\Kevin_Uni\Latex\tex\latex\amsfonts\amssymb.sty
Package: amssymb 2013/01/14 v3.01 AMS font symbols

(D:\Kevin_Uni\Latex\tex\latex\amsfonts\amsfonts.sty
Package: amsfonts 2013/01/14 v3.01 Basic AMSFonts support
\symAMSa=\mathgroup4
\symAMSb=\mathgroup5
LaTeX Font Info:    Overwriting math alphabet `\mathfrak' in version `bold'
(Font)                  U/euf/m/n --> U/euf/b/n on input line 106.
))
(D:\Kevin_Uni\Latex\tex\latex\caption\caption.sty
Package: caption 2016/02/21 v3.3-144 Customizing captions (AR)

(D:\Kevin_Uni\Latex\tex\latex\caption\caption3.sty
Package: caption3 2016/05/22 v1.7-166 caption3 kernel (AR)
Package caption3 Info: TeX engine: e-TeX on input line 67.
\captionmargin=\dimen284
\captionmargin@=\dimen285
\captionwidth=\dimen286
\caption@tempdima=\dimen287
\caption@indent=\dimen288
\caption@parindent=\dimen289
\caption@hangindent=\dimen290
)
\c@ContinuedFloat=\count198
Package caption Info: floatflt package is loaded.
Package caption Info: hyperref package is loaded.
Package caption Info: longtable package is loaded.

(D:\Kevin_Uni\Latex\tex\latex\caption\ltcaption.sty
Package: ltcaption 2013/06/09 v1.4-94 longtable captions (AR)
)
Package caption Info: picins package is loaded.
Package caption Info: supertabular package is loaded.
)
(D:\Kevin_Uni\Latex\tex\latex\listings\listings.sty
\lst@mode=\count199
\lst@gtempboxa=\box55
\lst@token=\toks55
\lst@length=\count266
\lst@currlwidth=\dimen291
\lst@column=\count267
\lst@pos=\count268
\lst@lostspace=\dimen292
\lst@width=\dimen293
\lst@newlines=\count269
\lst@lineno=\count270
\lst@maxwidth=\dimen294

(D:\Kevin_Uni\Latex\tex\latex\listings\lstmisc.sty
File: lstmisc.sty 2015/06/04 1.6 (Carsten Heinz)
\c@lstnumber=\count271
\lst@skipnumbers=\count272
\lst@framebox=\box56
)
(D:\Kevin_Uni\Latex\tex\latex\listings\listings.cfg
File: listings.cfg 2015/06/04 1.6 listings configuration
))
Package: listings 2015/06/04 1.6 (Carsten Heinz)

(D:\Kevin_Uni\Latex\tex\latex\algorithmicx\algpseudocode.sty
Package: algpseudocode 

(D:\Kevin_Uni\Latex\tex\latex\algorithmicx\algorithmicx.sty
Package: algorithmicx 2005/04/27 v1.2 Algorithmicx

Document Style algorithmicx 1.2 - a greatly improved `algorithmic' style
\c@ALG@line=\count273
\c@ALG@rem=\count274
\c@ALG@nested=\count275
\ALG@tlm=\skip68
\ALG@thistlm=\skip69
\c@ALG@Lnr=\count276
\c@ALG@blocknr=\count277
\c@ALG@storecount=\count278
\c@ALG@tmpcounter=\count279
\ALG@tmplength=\skip70
)
Document Style - pseudocode environments for use with the `algorithmicx' style
) (D:\Kevin_Uni\Latex\tex\latex\algorithms\algorithm.sty
Package: algorithm 2009/08/24 v0.1 Document Style `algorithm' - floating enviro
nment

(D:\Kevin_Uni\Latex\tex\latex\float\float.sty
Package: float 2001/11/08 v1.3d Float enhancements (AL)
\c@float@type=\count280
\float@exts=\toks56
\float@box=\box57
\@float@everytoks=\toks57
\@floatcapt=\box58
)
\@float@every@algorithm=\toks58
\c@algorithm=\count281
)
\@indexfile=\write4
\openout4 = `bachelor_4.idx'.


Writing index file bachelor_4.idx
(figures/tumlogo.tex) (bachelor_4.aux

LaTeX Warning: Label `sec:channel' multiply defined.


LaTeX Warning: Label `fig:Modulation' multiply defined.

)
\openout1 = `bachelor_4.aux'.

LaTeX Font Info:    Checking defaults for OML/cmm/m/it on input line 83.
LaTeX Font Info:    ... okay on input line 83.
LaTeX Font Info:    Checking defaults for T1/cmr/m/n on input line 83.
LaTeX Font Info:    ... okay on input line 83.
LaTeX Font Info:    Checking defaults for OT1/cmr/m/n on input line 83.
LaTeX Font Info:    ... okay on input line 83.
LaTeX Font Info:    Checking defaults for OMS/cmsy/m/n on input line 83.
LaTeX Font Info:    ... okay on input line 83.
LaTeX Font Info:    Checking defaults for OMX/cmex/m/n on input line 83.
LaTeX Font Info:    ... okay on input line 83.
LaTeX Font Info:    Checking defaults for U/cmr/m/n on input line 83.
LaTeX Font Info:    ... okay on input line 83.
LaTeX Font Info:    Checking defaults for PD1/pdf/m/n on input line 83.
LaTeX Font Info:    ... okay on input line 83.
 (D:\Kevin_Uni\Latex\tex\context\base\supp-pdf.mkii
[Loading MPS to PDF converter (version 2006.09.02).]
\scratchcounter=\count282
\scratchdimen=\dimen295
\scratchbox=\box59
\nofMPsegments=\count283
\nofMParguments=\count284
\everyMPshowfont=\toks59
\MPscratchCnt=\count285
\MPscratchDim=\dimen296
\MPnumerator=\count286
\makeMPintoPDFobject=\count287
\everyMPtoPDFconversion=\toks60
) (D:\Kevin_Uni\Latex\tex\latex\oberdiek\epstopdf-base.sty
Package: epstopdf-base 2016/05/15 v2.6 Base part for package epstopdf

(D:\Kevin_Uni\Latex\tex\latex\oberdiek\grfext.sty
Package: grfext 2016/05/16 v1.2 Manage graphics extensions (HO)
)
Package epstopdf-base Info: Redefining graphics rule for `.eps' on input line 4
38.
Package grfext Info: Graphics extension search list:
(grfext)             [.png,.pdf,.jpg,.mps,.jpeg,.jbig2,.jb2,.PNG,.PDF,.JPG,.JPE
G,.JBIG2,.JB2,.eps]
(grfext)             \AppendGraphicsExtensions on input line 456.
)
ABD: EveryShipout initializing macros

Package pgfplots Warning: running in backwards compatibility mode (unsuitable t
ick labels; missing features). Consider writing \pgfplotsset{compat=1.15} into 
your preamble.
 on input line 83.

\AtBeginShipoutBox=\box60
Package hyperref Info: Link coloring OFF on input line 83.
(D:\Kevin_Uni\Latex\tex\latex\hyperref\nameref.sty
Package: nameref 2016/05/21 v2.44 Cross-referencing by name of section

(D:\Kevin_Uni\Latex\tex\generic\oberdiek\gettitlestring.sty
Package: gettitlestring 2016/05/16 v1.5 Cleanup title references (HO)
)
\c@section@level=\count288
)
LaTeX Info: Redefining \ref on input line 83.
LaTeX Info: Redefining \pageref on input line 83.
LaTeX Info: Redefining \nameref on input line 83.
 (bachelor_4.out)
(bachelor_4.out)
\@outlinefile=\write5
\openout5 = `bachelor_4.out'.

 (bachelor_4.glsdefs)
Package caption Info: Begin \AtBeginDocument code.
Package caption Info: float package is loaded.
Package caption Info: listings package is loaded.
Package caption Info: End \AtBeginDocument code.
\c@lstlisting=\count289

<figures/infologo.jpg, id=134, 165.61874pt x 165.61874pt>
File: figures/infologo.jpg Graphic file (type jpg)

<use figures/infologo.jpg>
Package pdftex.def Info: figures/infologo.jpg used on input line 105.
(pdftex.def)             Requested size: 91.04742pt x 91.04762pt.
 [1

{C:/Users/Kevin/AppData/Local/MiKTeX/2.9/pdftex/config/pdftex.map} <./figures/i
nfologo.jpg>]
LaTeX Font Info:    Try loading font information for U+msa on input line 135.

(D:\Kevin_Uni\Latex\tex\latex\amsfonts\umsa.fd
File: umsa.fd 2013/01/14 v3.01 AMS symbols A
)
LaTeX Font Info:    Try loading font information for U+msb on input line 135.

(D:\Kevin_Uni\Latex\tex\latex\amsfonts\umsb.fd
File: umsb.fd 2013/01/14 v3.01 AMS symbols B
) [2]
Underfull \hbox (badness 10000) in paragraph at lines 146--149

 []


Underfull \hbox (badness 10000) in paragraph at lines 146--149

 []


Underfull \hbox (badness 10000) in paragraph at lines 146--149

 []


Underfull \hbox (badness 10000) in paragraph at lines 146--149

 []


Underfull \hbox (badness 10000) in paragraph at lines 146--149

 []


Underfull \hbox (badness 10000) in paragraph at lines 146--149

 []

[3] [4] (abstracte.tex) (abstractd.tex) [5]
\@gls@deffile=\write6
\openout6 = `bachelor_4.glsdefs'.

 (bachelor_4.tocpdfTeX warning (ext4): destination with the same identifier (na
me{page.1}) has been already used, duplicate ignored
<to be read again> 
                   \relax 
l.30 ...{\numberline {6}Conclusion}{26}{chapter.6}
                                                   [1

])
\tf@toc=\write7
\openout7 = `bachelor_4.toc'.

pdfTeX warning (ext4): destination with the same identifier (name{page.2}) has 
been already used, duplicate ignored
<to be read again> 
                   \relax 
l.193 \newpage
               [2]pdfTeX warning (ext4): destination with the same identifier (
name{page.3}) has been already used, duplicate ignored
<to be read again> 
                   \relax 
l.206 \newpage
               [3] (bachelor_4.lof)
\tf@lof=\write8
\openout8 = `bachelor_4.lof'.

pdfTeX warning (ext4): destination with the same identifier (name{page.4}) has 
been already used, duplicate ignored
<to be read again> 
                   \relax 
l.212 \newpage
               [4

]pdfTeX warning (ext4): destination with the same identifier (name{page.5}) has
 been already used, duplicate ignored
<to be read again> 
                   \relax 
l.215 \newpage
               [5]
Chapter 1.
[6

]
Chapter 2.

<C:/Users/Kevin/Bachelarbeit/Bachelorarbeit/01_Bachelorarbeit_LaTex/02_Figures/
Channelmodel.PNG, id=231, 1061.46562pt x 506.6428pt>
File: C:/Users/Kevin/Bachelarbeit/Bachelorarbeit/01_Bachelorarbeit_LaTex/02_Fig
ures/Channelmodel.PNG Graphic file (type png)

<use C:/Users/Kevin/Bachelarbeit/Bachelorarbeit/01_Bachelorarbeit_LaTex/02_Figu
res/Channelmodel.PNG>
Package pdftex.def Info: C:/Users/Kevin/Bachelarbeit/Bachelorarbeit/01_Bachelor
arbeit_LaTex/02_Figures/Channelmodel.PNG used on input line 225.
(pdftex.def)             Requested size: 455.24408pt x 217.28781pt.
 [7

 <C:/Users/Kevin/Bachelarbeit/Bachelorarbeit/01_Bachelorarbeit_LaTex/02_Figures
/Channelmodel.PNG>] [8]
<C:/Users/Kevin/Bachelarbeit/Bachelorarbeit/01_Bachelorarbeit_LaTex/02_Figures/
interleaver.png, id=260, 349.305pt x 166.37157pt>
File: C:/Users/Kevin/Bachelarbeit/Bachelorarbeit/01_Bachelorarbeit_LaTex/02_Fig
ures/interleaver.png Graphic file (type png)

<use C:/Users/Kevin/Bachelarbeit/Bachelorarbeit/01_Bachelorarbeit_LaTex/02_Figu
res/interleaver.png>
Package pdftex.def Info: C:/Users/Kevin/Bachelarbeit/Bachelorarbeit/01_Bachelor
arbeit_LaTex/02_Figures/interleaver.png used on input line 249.
(pdftex.def)             Requested size: 318.66946pt x 151.78929pt.
 [9 <C:/Users/Kevin/Bachelarbeit/Bachelorarbeit/01_Bachelorarbeit_LaTex/02_Figu
res/interleaver.png>]
<C:/Users/Kevin/Bachelarbeit/Bachelorarbeit/01_Bachelorarbeit_LaTex/02_Figures/
Modulation_schemes.PNG, id=277, 436.63126pt x 344.03531pt>
File: C:/Users/Kevin/Bachelarbeit/Bachelorarbeit/01_Bachelorarbeit_LaTex/02_Fig
ures/Modulation_schemes.PNG Graphic file (type png)

<use C:/Users/Kevin/Bachelarbeit/Bachelorarbeit/01_Bachelorarbeit_LaTex/02_Figu
res/Modulation_schemes.PNG>
Package pdftex.def Info: C:/Users/Kevin/Bachelarbeit/Bachelorarbeit/01_Bachelor
arbeit_LaTex/02_Figures/Modulation_schemes.PNG used on input line 266.
(pdftex.def)             Requested size: 432.48048pt x 340.76399pt.
 [10]
<C:/Users/Kevin/Bachelarbeit/Bachelorarbeit/01_Bachelorarbeit_LaTex/02_Figures/
reflections.png, id=295, 1029.8475pt x 548.80031pt>
File: C:/Users/Kevin/Bachelarbeit/Bachelorarbeit/01_Bachelorarbeit_LaTex/02_Fig
ures/reflections.png Graphic file (type png)

<use C:/Users/Kevin/Bachelarbeit/Bachelorarbeit/01_Bachelorarbeit_LaTex/02_Figu
res/reflections.png>
Package pdftex.def Info: C:/Users/Kevin/Bachelarbeit/Bachelorarbeit/01_Bachelor
arbeit_LaTex/02_Figures/reflections.png used on input line 283.
(pdftex.def)             Requested size: 432.48048pt x 230.46104pt.

Underfull \hbox (badness 10000) in paragraph at lines 279--286

 []

[11 <C:/Users/Kevin/Bachelarbeit/Bachelorarbeit/01_Bachelorarbeit_LaTex/02_Figu
res/Modulation_schemes.PNG>] [12 <C:/Users/Kevin/Bachelarbeit/Bachelorarbeit/01
_Bachelorarbeit_LaTex/02_Figures/reflections.png>]
<C:/Users/Kevin/Bachelarbeit/Bachelorarbeit/01_Bachelorarbeit_LaTex/02_Figures/
AWGN.png, id=309, 891.33pt x 292.09125pt>
File: C:/Users/Kevin/Bachelarbeit/Bachelorarbeit/01_Bachelorarbeit_LaTex/02_Fig
ures/AWGN.png Graphic file (type png)

<use C:/Users/Kevin/Bachelarbeit/Bachelorarbeit/01_Bachelorarbeit_LaTex/02_Figu
res/AWGN.png>
Package pdftex.def Info: C:/Users/Kevin/Bachelarbeit/Bachelorarbeit/01_Bachelor
arbeit_LaTex/02_Figures/AWGN.png used on input line 309.
(pdftex.def)             Requested size: 432.48048pt x 141.72647pt.
 [13 <C:/Users/Kevin/Bachelarbeit/Bachelorarbeit/01_Bachelorarbeit_LaTex/02_Fig
ures/AWGN.png (PNG copy)>]
<C:/Users/Kevin/Bachelarbeit/Bachelorarbeit/01_Bachelorarbeit_LaTex/02_Figures/
rayleigh.png, id=324, 421.575pt x 316.18124pt>
File: C:/Users/Kevin/Bachelarbeit/Bachelorarbeit/01_Bachelorarbeit_LaTex/02_Fig
ures/rayleigh.png Graphic file (type png)

<use C:/Users/Kevin/Bachelarbeit/Bachelorarbeit/01_Bachelorarbeit_LaTex/02_Figu
res/rayleigh.png>
Package pdftex.def Info: C:/Users/Kevin/Bachelarbeit/Bachelorarbeit/01_Bachelor
arbeit_LaTex/02_Figures/rayleigh.png used on input line 341.
(pdftex.def)             Requested size: 432.48048pt x 324.36769pt.
 [14] [15 <C:/Users/Kevin/Bachelarbeit/Bachelorarbeit/01_Bachelorarbeit_LaTex/0
2_Figures/rayleigh.png (PNG copy)>]
Chapter 3.
[16

]
Underfull \hbox (badness 1838) in paragraph at lines 378--380
\OT1/cmr/m/n/12 Further cal-cu-la-tions will lead us to the fi-nal equa-tion fo
r the ca-pac-ity in an
 []

[17]
<C:/Users/Kevin/Bachelarbeit/Bachelorarbeit/01_Bachelorarbeit_LaTex/02_Figures/
Capacity_QPSK_QAM.png, id=355, 578.16pt x 433.62pt>
File: C:/Users/Kevin/Bachelarbeit/Bachelorarbeit/01_Bachelorarbeit_LaTex/02_Fig
ures/Capacity_QPSK_QAM.png Graphic file (type png)

<use C:/Users/Kevin/Bachelarbeit/Bachelorarbeit/01_Bachelorarbeit_LaTex/02_Figu
res/Capacity_QPSK_QAM.png>
Package pdftex.def Info: C:/Users/Kevin/Bachelarbeit/Bachelorarbeit/01_Bachelor
arbeit_LaTex/02_Figures/Capacity_QPSK_QAM.png used on input line 419.
(pdftex.def)             Requested size: 318.66946pt x 239.0012pt.
 [18] [19 <C:/Users/Kevin/Bachelarbeit/Bachelorarbeit/01_Bachelorarbeit_LaTex/0
2_Figures/Capacity_QPSK_QAM.png (PNG copy)>]
Chapter 4.
[20

]
<C:/Users/Kevin/Bachelarbeit/Bachelorarbeit/01_Bachelorarbeit_LaTex/02_Figures/
QPSK.png, id=371, 421.575pt x 316.18124pt>
File: C:/Users/Kevin/Bachelarbeit/Bachelorarbeit/01_Bachelorarbeit_LaTex/02_Fig
ures/QPSK.png Graphic file (type png)

<use C:/Users/Kevin/Bachelarbeit/Bachelorarbeit/01_Bachelorarbeit_LaTex/02_Figu
res/QPSK.png>
Package pdftex.def Info: C:/Users/Kevin/Bachelarbeit/Bachelorarbeit/01_Bachelor
arbeit_LaTex/02_Figures/QPSK.png used on input line 450.
(pdftex.def)             Requested size: 318.66946pt x 239.00726pt.
 [21] [22 <C:/Users/Kevin/Bachelarbeit/Bachelorarbeit/01_Bachelorarbeit_LaTex/0
2_Figures/QPSK.png (PNG copy)>]
Chapter 5.
[23

] [24] [25]
Chapter 6.
[26

]
Package atveryend Info: Empty hook `BeforeClearDocument' on input line 560.
Package atveryend Info: Empty hook `AfterLastShipout' on input line 560.
 (bachelor_4.aux)
Package atveryend Info: Executing hook `AtVeryEndDocument' on input line 560.
Package atveryend Info: Executing hook `AtEndAfterFileList' on input line 560.
Package rerunfilecheck Info: File `bachelor_4.out' has not changed.
(rerunfilecheck)             Checksum: 767F13213C6353C402E7ED97FF700E38;2246.


LaTeX Warning: There were multiply-defined labels.

Package atveryend Info: Empty hook `AtVeryVeryEnd' on input line 560.
 ) 
Here is how much of TeX's memory you used:
 34284 strings out of 493323
 752030 string characters out of 3142971
 979503 words of memory out of 3000000
 37088 multiletter control sequences out of 15000+200000
 12037 words of font info for 44 fonts, out of 3000000 for 9000
 1141 hyphenation exceptions out of 8191
 62i,7n,96p,1978b,609s stack positions out of 5000i,500n,10000p,200000b,50000s
pdfTeX warning (dest): name{glo:QPSK} has been referenced but does not exist,
 replaced by a fixed one

pdfTeX warning (dest): name{glo:QAM} has been referenced but does not exist, re
placed by a fixed one

pdfTeX warning (dest): name{glo:BICM} has been referenced but does not exist, r
eplaced by a fixed one

pdfTeX warning (dest): name{glo:SICM} has been referenced but does not exist, r
eplaced by a fixed one

pdfTeX warning (dest): name{glo:AWGN} has been referenced but does not exist, r
eplaced by a fixed one

pdfTeX warning (dest): name{glo:LDPC} has been referenced but does not exist, r
eplaced by a fixed one

<D:/Kevin_Uni/Latex/fonts/type1/public/amsfonts/cm/cmbx10.pfb><D:/Kevin_Uni/Lat
ex/fonts/type1/public/amsfonts/cm/cmbx12.pfb><D:/Kevin_Uni/Latex/fonts/type1/pu
blic/amsfonts/cm/cmex10.pfb><D:/Kevin_Uni/Latex/fonts/type1/public/amsfonts/cm/
cmmi12.pfb><D:/Kevin_Uni/Latex/fonts/type1/public/amsfonts/cm/cmmi6.pfb><D:/Kev
in_Uni/Latex/fonts/type1/public/amsfonts/cm/cmmi8.pfb><D:/Kevin_Uni/Latex/fonts
/type1/public/amsfonts/cm/cmr10.pfb><D:/Kevin_Uni/Latex/fonts/type1/public/amsf
onts/cm/cmr12.pfb><D:/Kevin_Uni/Latex/fonts/type1/public/amsfonts/cm/cmr17.pfb>
<D:/Kevin_Uni/Latex/fonts/type1/public/amsfonts/cm/cmr6.pfb><D:/Kevin_Uni/Latex
/fonts/type1/public/amsfonts/cm/cmr8.pfb><D:/Kevin_Uni/Latex/fonts/type1/public
/amsfonts/cm/cmsl12.pfb><D:/Kevin_Uni/Latex/fonts/type1/public/amsfonts/cm/cmsy
10.pfb><D:/Kevin_Uni/Latex/fonts/type1/public/amsfonts/cm/cmsy6.pfb><D:/Kevin_U
ni/Latex/fonts/type1/public/amsfonts/cm/cmsy8.pfb><D:/Kevin_Uni/Latex/fonts/typ
e1/public/amsfonts/cm/cmti12.pfb>
Output written on bachelor_4.pdf (31 pages, 491215 bytes).
PDF statistics:
 476 PDF objects out of 1000 (max. 8388607)
 95 named destinations out of 1000 (max. 500000)
 314 words of extra memory for PDF output out of 10000 (max. 10000000)

